2026-04-28 21:31:13,450 INFO o.a.j.u.JMeterUtils: Setting Locale to en_EN
2026-04-28 21:31:13,487 INFO o.a.j.JMeter: Loading user properties from: /Users/robentambayong/Downloads/apache-jmeter-5.6.3/bin/user.properties
2026-04-28 21:31:13,488 INFO o.a.j.JMeter: Loading system properties from: /Users/robentambayong/Downloads/apache-jmeter-5.6.3/bin/system.properties
2026-04-28 21:31:13,496 INFO o.a.j.JMeter: Copyright (c) 1998-2024 The Apache Software Foundation
2026-04-28 21:31:13,497 INFO o.a.j.JMeter: Version 5.6.3
2026-04-28 21:31:13,497 INFO o.a.j.JMeter: java.version=21.0.10
2026-04-28 21:31:13,497 INFO o.a.j.JMeter: java.vm.name=OpenJDK 64-Bit Server VM
2026-04-28 21:31:13,497 INFO o.a.j.JMeter: os.name=Mac OS X
2026-04-28 21:31:13,497 INFO o.a.j.JMeter: os.arch=x86_64
2026-04-28 21:31:13,497 INFO o.a.j.JMeter: os.version=13.7.8
2026-04-28 21:31:13,497 INFO o.a.j.JMeter: file.encoding=UTF-8
2026-04-28 21:31:13,498 INFO o.a.j.JMeter: java.awt.headless=true
2026-04-28 21:31:13,498 INFO o.a.j.JMeter: Max memory     =1073741824
2026-04-28 21:31:13,498 INFO o.a.j.JMeter: Available Processors =8
2026-04-28 21:31:13,510 INFO o.a.j.JMeter: Default Locale=English (EN)
2026-04-28 21:31:13,510 INFO o.a.j.JMeter: JMeter  Locale=English (EN)
2026-04-28 21:31:13,510 INFO o.a.j.JMeter: JMeterHome=/Users/robentambayong/Downloads/apache-jmeter-5.6.3
2026-04-28 21:31:13,510 INFO o.a.j.JMeter: user.dir  =/Users/robentambayong/Desktop/AdPro/exercise-profiling
2026-04-28 21:31:13,511 INFO o.a.j.JMeter: PWD       =/Users/robentambayong/Desktop/AdPro/exercise-profiling
2026-04-28 21:31:13,512 INFO o.a.j.JMeter: IP: 127.0.0.1 Name: Robens-MacBook-Pro-2.local FullName: localhost
2026-04-28 21:31:13,529 INFO o.a.j.s.FileServer: Default base='/Users/robentambayong/Desktop/AdPro/exercise-profiling'
2026-04-28 21:31:13,530 INFO o.a.j.s.FileServer: Set new base='/Users/robentambayong/Desktop/AdPro/exercise-profiling'
2026-04-28 21:31:13,790 INFO o.a.j.s.SaveService: Testplan (JMX) version: 2.2. Testlog (JTL) version: 2.2
2026-04-28 21:31:13,837 INFO o.a.j.s.SaveService: Using SaveService properties version 5.0
2026-04-28 21:31:13,843 INFO o.a.j.s.SaveService: Using SaveService properties file encoding UTF-8
2026-04-28 21:31:13,849 INFO o.a.j.s.SaveService: Loading file: test_plan_3.jmx
2026-04-28 21:31:13,927 INFO o.a.j.p.h.s.HTTPSamplerBase: Parser for text/html is org.apache.jmeter.protocol.http.parser.LagartoBasedHtmlParser
2026-04-28 21:31:13,927 INFO o.a.j.p.h.s.HTTPSamplerBase: Parser for application/xhtml+xml is org.apache.jmeter.protocol.http.parser.LagartoBasedHtmlParser
2026-04-28 21:31:13,927 INFO o.a.j.p.h.s.HTTPSamplerBase: Parser for application/xml is org.apache.jmeter.protocol.http.parser.LagartoBasedHtmlParser
2026-04-28 21:31:13,927 INFO o.a.j.p.h.s.HTTPSamplerBase: Parser for text/xml is org.apache.jmeter.protocol.http.parser.LagartoBasedHtmlParser
2026-04-28 21:31:13,927 INFO o.a.j.p.h.s.HTTPSamplerBase: Parser for text/vnd.wap.wml is org.apache.jmeter.protocol.http.parser.RegexpHTMLParser
2026-04-28 21:31:13,928 INFO o.a.j.p.h.s.HTTPSamplerBase: Parser for text/css is org.apache.jmeter.protocol.http.parser.CssParser
2026-04-28 21:31:13,957 INFO o.a.j.JMeter: Creating summariser <summary>
2026-04-28 21:31:13,971 INFO o.a.j.e.StandardJMeterEngine: Running the test!
2026-04-28 21:31:13,972 INFO o.a.j.s.SampleEvent: List of sample_variables: []
2026-04-28 21:31:13,973 INFO o.a.j.s.SampleEvent: List of sample_variables: []
2026-04-28 21:31:13,977 INFO o.a.j.e.u.CompoundVariable: Note: Function class names must contain the string: '.functions.'
2026-04-28 21:31:13,977 INFO o.a.j.e.u.CompoundVariable: Note: Function class names must not contain the string: '.gui.'
2026-04-28 21:31:14,070 INFO o.a.j.JMeter: Running test (1777386674070)
2026-04-28 21:31:14,091 INFO o.a.j.e.StandardJMeterEngine: Starting ThreadGroup: 1 : Thread Group 1
2026-04-28 21:31:14,091 INFO o.a.j.e.StandardJMeterEngine: Starting 10 threads for group Thread Group 1.
2026-04-28 21:31:14,091 INFO o.a.j.e.StandardJMeterEngine: Thread will continue on error
2026-04-28 21:31:14,091 INFO o.a.j.t.ThreadGroup: Starting thread group... number=1 threads=10 ramp-up=1 delayedStart=false
2026-04-28 21:31:14,097 INFO o.a.j.t.JMeterThread: Thread started: Thread Group 1 1-1
2026-04-28 21:31:14,098 INFO o.a.j.t.ThreadGroup: Started thread group number 1
2026-04-28 21:31:14,098 INFO o.a.j.e.StandardJMeterEngine: All thread groups have been started
2026-04-28 21:31:14,111 INFO o.a.j.p.h.s.HTTPHCAbstractImpl: Local host = Robens-MacBook-Pro-2.local
2026-04-28 21:31:14,116 INFO o.a.j.p.h.s.HTTPHC4Impl: HTTP request retry count = 0
2026-04-28 21:31:14,117 INFO o.a.j.s.SampleResult: Note: Sample TimeStamps are START times
2026-04-28 21:31:14,117 INFO o.a.j.s.SampleResult: sampleresult.default.encoding is set to UTF-8
2026-04-28 21:31:14,117 INFO o.a.j.s.SampleResult: sampleresult.useNanoTime=true
2026-04-28 21:31:14,117 INFO o.a.j.s.SampleResult: sampleresult.nanoThreadSleep=5000
2026-04-28 21:31:14,196 INFO o.a.j.t.JMeterThread: Thread started: Thread Group 1 1-2
2026-04-28 21:31:14,225 INFO o.a.j.t.JMeterThread: Thread is done: Thread Group 1 1-1
2026-04-28 21:31:14,225 INFO o.a.j.t.JMeterThread: Thread is done: Thread Group 1 1-2
2026-04-28 21:31:14,225 INFO o.a.j.t.JMeterThread: Thread finished: Thread Group 1 1-1
2026-04-28 21:31:14,225 INFO o.a.j.t.JMeterThread: Thread finished: Thread Group 1 1-2
2026-04-28 21:31:14,296 INFO o.a.j.t.JMeterThread: Thread started: Thread Group 1 1-3
2026-04-28 21:31:14,310 INFO o.a.j.t.JMeterThread: Thread is done: Thread Group 1 1-3
2026-04-28 21:31:14,310 INFO o.a.j.t.JMeterThread: Thread finished: Thread Group 1 1-3
2026-04-28 21:31:14,396 INFO o.a.j.t.JMeterThread: Thread started: Thread Group 1 1-4
2026-04-28 21:31:14,407 INFO o.a.j.t.JMeterThread: Thread is done: Thread Group 1 1-4
2026-04-28 21:31:14,407 INFO o.a.j.t.JMeterThread: Thread finished: Thread Group 1 1-4
2026-04-28 21:31:14,496 INFO o.a.j.t.JMeterThread: Thread started: Thread Group 1 1-5
2026-04-28 21:31:14,507 INFO o.a.j.t.JMeterThread: Thread is done: Thread Group 1 1-5
2026-04-28 21:31:14,508 INFO o.a.j.t.JMeterThread: Thread finished: Thread Group 1 1-5
2026-04-28 21:31:14,596 INFO o.a.j.t.JMeterThread: Thread started: Thread Group 1 1-6
2026-04-28 21:31:14,607 INFO o.a.j.t.JMeterThread: Thread is done: Thread Group 1 1-6
2026-04-28 21:31:14,607 INFO o.a.j.t.JMeterThread: Thread finished: Thread Group 1 1-6
2026-04-28 21:31:14,693 INFO o.a.j.t.JMeterThread: Thread started: Thread Group 1 1-7
2026-04-28 21:31:14,705 INFO o.a.j.t.JMeterThread: Thread is done: Thread Group 1 1-7
2026-04-28 21:31:14,705 INFO o.a.j.t.JMeterThread: Thread finished: Thread Group 1 1-7
2026-04-28 21:31:14,794 INFO o.a.j.t.JMeterThread: Thread started: Thread Group 1 1-8
2026-04-28 21:31:14,805 INFO o.a.j.t.JMeterThread: Thread is done: Thread Group 1 1-8
2026-04-28 21:31:14,805 INFO o.a.j.t.JMeterThread: Thread finished: Thread Group 1 1-8
2026-04-28 21:31:14,894 INFO o.a.j.t.JMeterThread: Thread started: Thread Group 1 1-9
2026-04-28 21:31:14,904 INFO o.a.j.t.JMeterThread: Thread is done: Thread Group 1 1-9
2026-04-28 21:31:14,904 INFO o.a.j.t.JMeterThread: Thread finished: Thread Group 1 1-9
2026-04-28 21:31:14,997 INFO o.a.j.t.JMeterThread: Thread started: Thread Group 1 1-10
2026-04-28 21:31:15,010 INFO o.a.j.t.JMeterThread: Thread is done: Thread Group 1 1-10
2026-04-28 21:31:15,010 INFO o.a.j.t.JMeterThread: Thread finished: Thread Group 1 1-10
2026-04-28 21:31:15,010 INFO o.a.j.e.StandardJMeterEngine: Notifying test listeners of end of test
2026-04-28 21:31:15,012 INFO o.a.j.r.Summariser: summary =     10 in 00:00:01 =   10.6/s Avg:    15 Min:     9 Max:    50 Err:     0 (0.00%)
